2026-02-19 16:54:16,246 - INFO - trading_bot - Placing order: BTCUSDT BUY MARKET 0.01 None
2026-02-19 16:54:16,246 - ERROR - trading_bot - Order failed: API Secret required for private endpoints
2026-02-19 16:54:16,247 - ERROR - root - Execution failed
Traceback (most recent call last):
  File "cli.py", line 46, in main
    response = service.create_order(
  File "C:\prime_trader\bot\orders.py", line 24, in create_order
    response = self.client.place_order(**params)
  File "C:\prime_trader\bot\binance_client.py", line 16, in place_order
    return self.client.futures_create_order(**kwargs)
  File "C:\Users\ADMIN\AppData\Local\Programs\Python\Python38\lib\site-packages\binance\client.py", line 7951, in futures_create_order
    return self._request_futures_api("post", "order", True, data=params)
  File "C:\Users\ADMIN\AppData\Local\Programs\Python\Python38\lib\site-packages\binance\client.py", line 144, in _request_futures_api
    return self._request(method, uri, signed, force_params, **kwargs)
  File "C:\Users\ADMIN\AppData\Local\Programs\Python\Python38\lib\site-packages\binance\client.py", line 79, in _request
    kwargs = self._get_request_kwargs(method, signed, force_params, **kwargs)
  File "C:\Users\ADMIN\AppData\Local\Programs\Python\Python38\lib\site-packages\binance\base_client.py", line 524, in _get_request_kwargs
    kwargs["data"]["signature"] = self._generate_signature(kwargs["data"])
  File "C:\Users\ADMIN\AppData\Local\Programs\Python\Python38\lib\site-packages\binance\base_client.py", line 401, in _generate_signature
    res = sig_func(query_string)
  File "C:\Users\ADMIN\AppData\Local\Programs\Python\Python38\lib\site-packages\binance\base_client.py", line 385, in _hmac_signature
    assert self.API_SECRET, "API Secret required for private endpoints"
AssertionError: API Secret required for private endpoints
2026-02-19 16:58:35,032 - INFO - trading_bot - Placing order: BTCUSDT BUY MARKET 0.01 None
2026-02-19 16:58:35,454 - ERROR - trading_bot - Order failed: APIError(code=-2014): API-key format invalid.
2026-02-19 16:58:35,455 - ERROR - root - Execution failed
Traceback (most recent call last):
  File "cli.py", line 46, in main
    response = service.create_order(
  File "C:\prime_trader\bot\orders.py", line 24, in create_order
    response = self.client.place_order(**params)
  File "C:\prime_trader\bot\binance_client.py", line 16, in place_order
    return self.client.futures_create_order(**kwargs)
  File "C:\Users\ADMIN\AppData\Local\Programs\Python\Python38\lib\site-packages\binance\client.py", line 7951, in futures_create_order
    return self._request_futures_api("post", "order", True, data=params)
  File "C:\Users\ADMIN\AppData\Local\Programs\Python\Python38\lib\site-packages\binance\client.py", line 144, in _request_futures_api
    return self._request(method, uri, signed, force_params, **kwargs)
  File "C:\Users\ADMIN\AppData\Local\Programs\Python\Python38\lib\site-packages\binance\client.py", line 107, in _request
    return self._handle_response(self.response)
  File "C:\Users\ADMIN\AppData\Local\Programs\Python\Python38\lib\site-packages\binance\client.py", line 116, in _handle_response
    raise BinanceAPIException(response, response.status_code, response.text)
binance.exceptions.BinanceAPIException: APIError(code=-2014): API-key format invalid.
2026-02-19 17:00:10,706 - INFO - trading_bot - Placing order: BTCUSDT SELL LIMIT 0.01 60000.0
2026-02-19 17:00:11,093 - ERROR - trading_bot - Order failed: APIError(code=-2014): API-key format invalid.
2026-02-19 17:00:11,093 - ERROR - root - Execution failed
Traceback (most recent call last):
  File "cli.py", line 46, in main
    response = service.create_order(
  File "C:\prime_trader\bot\orders.py", line 24, in create_order
    response = self.client.place_order(**params)
  File "C:\prime_trader\bot\binance_client.py", line 16, in place_order
    return self.client.futures_create_order(**kwargs)
  File "C:\Users\ADMIN\AppData\Local\Programs\Python\Python38\lib\site-packages\binance\client.py", line 7951, in futures_create_order
    return self._request_futures_api("post", "order", True, data=params)
  File "C:\Users\ADMIN\AppData\Local\Programs\Python\Python38\lib\site-packages\binance\client.py", line 144, in _request_futures_api
    return self._request(method, uri, signed, force_params, **kwargs)
  File "C:\Users\ADMIN\AppData\Local\Programs\Python\Python38\lib\site-packages\binance\client.py", line 107, in _request
    return self._handle_response(self.response)
  File "C:\Users\ADMIN\AppData\Local\Programs\Python\Python38\lib\site-packages\binance\client.py", line 116, in _handle_response
    raise BinanceAPIException(response, response.status_code, response.text)
binance.exceptions.BinanceAPIException: APIError(code=-2014): API-key format invalid.
